[2017-05-23 19:02:06.717] [ERROR] pomelo-rpc - [31m[mqtt-acceptor] [39mprocess rpc message error TypeError: Cannot read property 'sid' of undefined
    at handler.send (/Users/yfzhineng/Documents/mine/chatofpomelo/game-server/app/servers/chat/handler/chatHandler.js:40:37)
    at Service.handle (/Users/yfzhineng/Documents/mine/chatofpomelo/game-server/node_modules/pomelo/lib/common/service/handlerService.js:59:20)
    at handle (/Users/yfzhineng/Documents/mine/chatofpomelo/game-server/node_modules/pomelo/lib/server/server.js:375:25)
    at next (/Users/yfzhineng/Documents/mine/chatofpomelo/game-server/node_modules/pomelo/lib/common/service/filterService.js:50:7)
    at Filter.before (/Users/yfzhineng/Documents/mine/chatofpomelo/game-server/node_modules/pomelo/lib/filters/handler/timeout.js:34:3)
    at next (/Users/yfzhineng/Documents/mine/chatofpomelo/game-server/node_modules/pomelo/lib/common/service/filterService.js:58:15)
    at Service.beforeFilter (/Users/yfzhineng/Documents/mine/chatofpomelo/game-server/node_modules/pomelo/lib/common/service/filterService.js:65:3)
    at beforeFilter (/Users/yfzhineng/Documents/mine/chatofpomelo/game-server/node_modules/pomelo/lib/server/server.js:242:8)
    at doHandle (/Users/yfzhineng/Documents/mine/chatofpomelo/game-server/node_modules/pomelo/lib/server/server.js:388:3)
    at pro.handle (/Users/yfzhineng/Documents/mine/chatofpomelo/game-server/node_modules/pomelo/lib/server/server.js:125:3)
[2017-05-23 19:02:34.526] [ERROR] pomelo-rpc - [31m[mqtt-acceptor] [39mprocess rpc message error TypeError: Cannot read property 'sid' of undefined
    at handler.send (/Users/yfzhineng/Documents/mine/chatofpomelo/game-server/app/servers/chat/handler/chatHandler.js:40:37)
    at Service.handle (/Users/yfzhineng/Documents/mine/chatofpomelo/game-server/node_modules/pomelo/lib/common/service/handlerService.js:59:20)
    at handle (/Users/yfzhineng/Documents/mine/chatofpomelo/game-server/node_modules/pomelo/lib/server/server.js:375:25)
    at next (/Users/yfzhineng/Documents/mine/chatofpomelo/game-server/node_modules/pomelo/lib/common/service/filterService.js:50:7)
    at Filter.before (/Users/yfzhineng/Documents/mine/chatofpomelo/game-server/node_modules/pomelo/lib/filters/handler/timeout.js:34:3)
    at next (/Users/yfzhineng/Documents/mine/chatofpomelo/game-server/node_modules/pomelo/lib/common/service/filterService.js:58:15)
    at Service.beforeFilter (/Users/yfzhineng/Documents/mine/chatofpomelo/game-server/node_modules/pomelo/lib/common/service/filterService.js:65:3)
    at beforeFilter (/Users/yfzhineng/Documents/mine/chatofpomelo/game-server/node_modules/pomelo/lib/server/server.js:242:8)
    at doHandle (/Users/yfzhineng/Documents/mine/chatofpomelo/game-server/node_modules/pomelo/lib/server/server.js:388:3)
    at pro.handle (/Users/yfzhineng/Documents/mine/chatofpomelo/game-server/node_modules/pomelo/lib/server/server.js:125:3)
[2017-05-23 19:02:34.858] [ERROR] pomelo-rpc - [31m[mqtt-acceptor] [39mprocess rpc message error TypeError: Cannot read property 'sid' of undefined
    at handler.send (/Users/yfzhineng/Documents/mine/chatofpomelo/game-server/app/servers/chat/handler/chatHandler.js:40:37)
    at Service.handle (/Users/yfzhineng/Documents/mine/chatofpomelo/game-server/node_modules/pomelo/lib/common/service/handlerService.js:59:20)
    at handle (/Users/yfzhineng/Documents/mine/chatofpomelo/game-server/node_modules/pomelo/lib/server/server.js:375:25)
    at next (/Users/yfzhineng/Documents/mine/chatofpomelo/game-server/node_modules/pomelo/lib/common/service/filterService.js:50:7)
    at Filter.before (/Users/yfzhineng/Documents/mine/chatofpomelo/game-server/node_modules/pomelo/lib/filters/handler/timeout.js:34:3)
    at next (/Users/yfzhineng/Documents/mine/chatofpomelo/game-server/node_modules/pomelo/lib/common/service/filterService.js:58:15)
    at Service.beforeFilter (/Users/yfzhineng/Documents/mine/chatofpomelo/game-server/node_modules/pomelo/lib/common/service/filterService.js:65:3)
    at beforeFilter (/Users/yfzhineng/Documents/mine/chatofpomelo/game-server/node_modules/pomelo/lib/server/server.js:242:8)
    at doHandle (/Users/yfzhineng/Documents/mine/chatofpomelo/game-server/node_modules/pomelo/lib/server/server.js:388:3)
    at pro.handle (/Users/yfzhineng/Documents/mine/chatofpomelo/game-server/node_modules/pomelo/lib/server/server.js:125:3)
[2017-05-23 19:02:35.670] [ERROR] pomelo-rpc - [31m[mqtt-acceptor] [39mprocess rpc message error TypeError: Cannot read property 'sid' of undefined
    at handler.send (/Users/yfzhineng/Documents/mine/chatofpomelo/game-server/app/servers/chat/handler/chatHandler.js:40:37)
    at Service.handle (/Users/yfzhineng/Documents/mine/chatofpomelo/game-server/node_modules/pomelo/lib/common/service/handlerService.js:59:20)
    at handle (/Users/yfzhineng/Documents/mine/chatofpomelo/game-server/node_modules/pomelo/lib/server/server.js:375:25)
    at next (/Users/yfzhineng/Documents/mine/chatofpomelo/game-server/node_modules/pomelo/lib/common/service/filterService.js:50:7)
    at Filter.before (/Users/yfzhineng/Documents/mine/chatofpomelo/game-server/node_modules/pomelo/lib/filters/handler/timeout.js:34:3)
    at next (/Users/yfzhineng/Documents/mine/chatofpomelo/game-server/node_modules/pomelo/lib/common/service/filterService.js:58:15)
    at Service.beforeFilter (/Users/yfzhineng/Documents/mine/chatofpomelo/game-server/node_modules/pomelo/lib/common/service/filterService.js:65:3)
    at beforeFilter (/Users/yfzhineng/Documents/mine/chatofpomelo/game-server/node_modules/pomelo/lib/server/server.js:242:8)
    at doHandle (/Users/yfzhineng/Documents/mine/chatofpomelo/game-server/node_modules/pomelo/lib/server/server.js:388:3)
    at pro.handle (/Users/yfzhineng/Documents/mine/chatofpomelo/game-server/node_modules/pomelo/lib/server/server.js:125:3)
[2017-05-23 19:02:38.910] [ERROR] pomelo-rpc - [31m[mqtt-acceptor] [39mprocess rpc message error TypeError: Cannot read property 'sid' of undefined
    at handler.send (/Users/yfzhineng/Documents/mine/chatofpomelo/game-server/app/servers/chat/handler/chatHandler.js:40:37)
    at Service.handle (/Users/yfzhineng/Documents/mine/chatofpomelo/game-server/node_modules/pomelo/lib/common/service/handlerService.js:59:20)
    at handle (/Users/yfzhineng/Documents/mine/chatofpomelo/game-server/node_modules/pomelo/lib/server/server.js:375:25)
    at next (/Users/yfzhineng/Documents/mine/chatofpomelo/game-server/node_modules/pomelo/lib/common/service/filterService.js:50:7)
    at Filter.before (/Users/yfzhineng/Documents/mine/chatofpomelo/game-server/node_modules/pomelo/lib/filters/handler/timeout.js:34:3)
    at next (/Users/yfzhineng/Documents/mine/chatofpomelo/game-server/node_modules/pomelo/lib/common/service/filterService.js:58:15)
    at Service.beforeFilter (/Users/yfzhineng/Documents/mine/chatofpomelo/game-server/node_modules/pomelo/lib/common/service/filterService.js:65:3)
    at beforeFilter (/Users/yfzhineng/Documents/mine/chatofpomelo/game-server/node_modules/pomelo/lib/server/server.js:242:8)
    at doHandle (/Users/yfzhineng/Documents/mine/chatofpomelo/game-server/node_modules/pomelo/lib/server/server.js:388:3)
    at pro.handle (/Users/yfzhineng/Documents/mine/chatofpomelo/game-server/node_modules/pomelo/lib/server/server.js:125:3)
[2017-05-23 19:03:08.466] [ERROR] pomelo-rpc - [31m[mqtt-acceptor] [39mprocess rpc message error TypeError: Cannot read property 'sid' of undefined
    at handler.send (/Users/yfzhineng/Documents/mine/chatofpomelo/game-server/app/servers/chat/handler/chatHandler.js:40:37)
    at Service.handle (/Users/yfzhineng/Documents/mine/chatofpomelo/game-server/node_modules/pomelo/lib/common/service/handlerService.js:59:20)
    at handle (/Users/yfzhineng/Documents/mine/chatofpomelo/game-server/node_modules/pomelo/lib/server/server.js:375:25)
    at next (/Users/yfzhineng/Documents/mine/chatofpomelo/game-server/node_modules/pomelo/lib/common/service/filterService.js:50:7)
    at Filter.before (/Users/yfzhineng/Documents/mine/chatofpomelo/game-server/node_modules/pomelo/lib/filters/handler/timeout.js:34:3)
    at next (/Users/yfzhineng/Documents/mine/chatofpomelo/game-server/node_modules/pomelo/lib/common/service/filterService.js:58:15)
    at Service.beforeFilter (/Users/yfzhineng/Documents/mine/chatofpomelo/game-server/node_modules/pomelo/lib/common/service/filterService.js:65:3)
    at beforeFilter (/Users/yfzhineng/Documents/mine/chatofpomelo/game-server/node_modules/pomelo/lib/server/server.js:242:8)
    at doHandle (/Users/yfzhineng/Documents/mine/chatofpomelo/game-server/node_modules/pomelo/lib/server/server.js:388:3)
    at pro.handle (/Users/yfzhineng/Documents/mine/chatofpomelo/game-server/node_modules/pomelo/lib/server/server.js:125:3)
[2017-05-23 19:04:14.560] [ERROR] pomelo-rpc - [31m[mqtt-acceptor] [39mprocess rpc message error TypeError: Cannot read property 'sid' of undefined
    at handler.send (/Users/yfzhineng/Documents/mine/chatofpomelo/game-server/app/servers/chat/handler/chatHandler.js:40:37)
    at Service.handle (/Users/yfzhineng/Documents/mine/chatofpomelo/game-server/node_modules/pomelo/lib/common/service/handlerService.js:59:20)
    at handle (/Users/yfzhineng/Documents/mine/chatofpomelo/game-server/node_modules/pomelo/lib/server/server.js:375:25)
    at next (/Users/yfzhineng/Documents/mine/chatofpomelo/game-server/node_modules/pomelo/lib/common/service/filterService.js:50:7)
    at Filter.before (/Users/yfzhineng/Documents/mine/chatofpomelo/game-server/node_modules/pomelo/lib/filters/handler/timeout.js:34:3)
    at next (/Users/yfzhineng/Documents/mine/chatofpomelo/game-server/node_modules/pomelo/lib/common/service/filterService.js:58:15)
    at Service.beforeFilter (/Users/yfzhineng/Documents/mine/chatofpomelo/game-server/node_modules/pomelo/lib/common/service/filterService.js:65:3)
    at beforeFilter (/Users/yfzhineng/Documents/mine/chatofpomelo/game-server/node_modules/pomelo/lib/server/server.js:242:8)
    at doHandle (/Users/yfzhineng/Documents/mine/chatofpomelo/game-server/node_modules/pomelo/lib/server/server.js:388:3)
    at pro.handle (/Users/yfzhineng/Documents/mine/chatofpomelo/game-server/node_modules/pomelo/lib/server/server.js:125:3)
[2017-05-23 19:04:16.830] [ERROR] pomelo-rpc - [31m[mqtt-acceptor] [39mprocess rpc message error TypeError: Cannot read property 'sid' of undefined
    at handler.send (/Users/yfzhineng/Documents/mine/chatofpomelo/game-server/app/servers/chat/handler/chatHandler.js:40:37)
    at Service.handle (/Users/yfzhineng/Documents/mine/chatofpomelo/game-server/node_modules/pomelo/lib/common/service/handlerService.js:59:20)
    at handle (/Users/yfzhineng/Documents/mine/chatofpomelo/game-server/node_modules/pomelo/lib/server/server.js:375:25)
    at next (/Users/yfzhineng/Documents/mine/chatofpomelo/game-server/node_modules/pomelo/lib/common/service/filterService.js:50:7)
    at Filter.before (/Users/yfzhineng/Documents/mine/chatofpomelo/game-server/node_modules/pomelo/lib/filters/handler/timeout.js:34:3)
    at next (/Users/yfzhineng/Documents/mine/chatofpomelo/game-server/node_modules/pomelo/lib/common/service/filterService.js:58:15)
    at Service.beforeFilter (/Users/yfzhineng/Documents/mine/chatofpomelo/game-server/node_modules/pomelo/lib/common/service/filterService.js:65:3)
    at beforeFilter (/Users/yfzhineng/Documents/mine/chatofpomelo/game-server/node_modules/pomelo/lib/server/server.js:242:8)
    at doHandle (/Users/yfzhineng/Documents/mine/chatofpomelo/game-server/node_modules/pomelo/lib/server/server.js:388:3)
    at pro.handle (/Users/yfzhineng/Documents/mine/chatofpomelo/game-server/node_modules/pomelo/lib/server/server.js:125:3)
[2017-05-23 19:04:17.753] [ERROR] pomelo-rpc - [31m[mqtt-acceptor] [39mprocess rpc message error TypeError: Cannot read property 'sid' of undefined
    at handler.send (/Users/yfzhineng/Documents/mine/chatofpomelo/game-server/app/servers/chat/handler/chatHandler.js:40:37)
    at Service.handle (/Users/yfzhineng/Documents/mine/chatofpomelo/game-server/node_modules/pomelo/lib/common/service/handlerService.js:59:20)
    at handle (/Users/yfzhineng/Documents/mine/chatofpomelo/game-server/node_modules/pomelo/lib/server/server.js:375:25)
    at next (/Users/yfzhineng/Documents/mine/chatofpomelo/game-server/node_modules/pomelo/lib/common/service/filterService.js:50:7)
    at Filter.before (/Users/yfzhineng/Documents/mine/chatofpomelo/game-server/node_modules/pomelo/lib/filters/handler/timeout.js:34:3)
    at next (/Users/yfzhineng/Documents/mine/chatofpomelo/game-server/node_modules/pomelo/lib/common/service/filterService.js:58:15)
    at Service.beforeFilter (/Users/yfzhineng/Documents/mine/chatofpomelo/game-server/node_modules/pomelo/lib/common/service/filterService.js:65:3)
    at beforeFilter (/Users/yfzhineng/Documents/mine/chatofpomelo/game-server/node_modules/pomelo/lib/server/server.js:242:8)
    at doHandle (/Users/yfzhineng/Documents/mine/chatofpomelo/game-server/node_modules/pomelo/lib/server/server.js:388:3)
    at pro.handle (/Users/yfzhineng/Documents/mine/chatofpomelo/game-server/node_modules/pomelo/lib/server/server.js:125:3)
